Arguments: 
  C:\Program Files\nodejs\node.exe C:\Users\Administrator\AppData\Roaming\npm\node_modules\yarn\bin\yarn.js add @types/vue3-highlightjs -D

PATH: 
  C:\windows\system32;C:\windows;C:\windows\System32\Wbem;C:\windows\System32\WindowsPowerShell\v1.0\;C:\windows\System32\OpenSSH\;C:\Program Files\Intel\WiFi\bin\;C:\Program Files\Common Files\Intel\WirelessCommon\;C:\Program Files\Git\cmd;C:\Users\Administrator\AppData\Roaming\nvm;C:\Program Files\nodejs;C:\Program Files\nodejs\;C:\Users\Administrator\AppData\Local\Microsoft\WindowsApps;C:\Users\Administrator\AppData\Local\Programs\Microsoft VS Code\bin;C:\Users\Administrator\AppData\Roaming\nvm;C:\Program Files\nodejs;C:\Program Files\nodejs;C:\Users\Administrator\AppData\Roaming\npm

Yarn version: 
  1.22.15

Node version: 
  14.18.0

Platform: 
  win32 x64

Trace: 
  Error: https://registry.npmmirror.com/@types%2fvue3-highlightjs: Not found
      at Request.params.callback [as _callback] (C:\Users\Administrator\AppData\Roaming\npm\node_modules\yarn\lib\cli.js:66140:18)
      at Request.self.callback (C:\Users\Administrator\AppData\Roaming\npm\node_modules\yarn\lib\cli.js:140885:22)
      at Request.emit (events.js:400:28)
      at Request.<anonymous> (C:\Users\Administrator\AppData\Roaming\npm\node_modules\yarn\lib\cli.js:141857:10)
      at Request.emit (events.js:400:28)
      at IncomingMessage.<anonymous> (C:\Users\Administrator\AppData\Roaming\npm\node_modules\yarn\lib\cli.js:141779:12)
      at Object.onceWrapper (events.js:519:28)
      at IncomingMessage.emit (events.js:412:35)
      at endReadableNT (internal/streams/readable.js:1334:12)
      at processTicksAndRejections (internal/process/task_queues.js:82:21)

npm manifest: 
  {
    "name": "auto-code",
    "version": "0.0.0",
    "scripts": {
      "dev": "vite",
      "build": "vue-tsc --noEmit && vite build",
      "preview": "vite preview"
    },
    "dependencies": {
      "@soerenmartius/vue3-clipboard": "^0.1.2",
      "ant-design-vue": "^3.0.0-alpha.14",
      "vue": "^3.2.23",
      "vue3-highlightjs": "^1.0.5",
      "xlsx": "^0.17.4"
    },
    "devDependencies": {
      "@types/node": "^16.11.12",
      "@vitejs/plugin-vue": "^1.10.2",
      "typescript": "^4.4.4",
      "unplugin-vue-components": "^0.17.6",
      "vite": "^2.7.0",
      "vue-tsc": "^0.28.10"
    }
  }

yarn manifest: 
  No manifest

Lockfile: 
  # THIS IS AN AUTOGENERATED FILE. DO NOT EDIT THIS FILE DIRECTLY.
  # yarn lockfile v1
  
  
  "@ant-design/colors@^5.0.0":
    version "5.1.1"
    resolved "https://registry.npmmirror.com/@ant-design/colors/download/@ant-design/colors-5.1.1.tgz#800b2186b1e27e66432e67d03ed96af3e21d8940"
    integrity sha1-gAshhrHifmZDLmfQPtlq8+IdiUA=
    dependencies:
      "@ctrl/tinycolor" "^3.3.1"
  
  "@ant-design/colors@^6.0.0":
    version "6.0.0"
    resolved "https://registry.npmmirror.com/@ant-design/colors/download/@ant-design/colors-6.0.0.tgz#9b9366257cffcc47db42b9d0203bb592c13c0298"
    integrity sha1-m5NmJXz/zEfbQrnQIDu1ksE8Apg=
    dependencies:
      "@ctrl/tinycolor" "^3.4.0"
  
  "@ant-design/icons-svg@^4.0.0":
    version "4.2.1"
    resolved "https://registry.npmmirror.com/@ant-design/icons-svg/download/@ant-design/icons-svg-4.2.1.tgz#8630da8eb4471a4aabdaed7d1ff6a97dcb2cf05a"
    integrity sha1-hjDajrRHGkqr2u19H/apfcss8Fo=
  
  "@ant-design/icons-vue@^6.0.0":
    version "6.0.1"
    resolved "https://registry.npmmirror.com/@ant-design/icons-vue/download/@ant-design/icons-vue-6.0.1.tgz#9d804c3c74d2cfaf97cb18e582d3b9400934f5fd"
    integrity sha1-nYBMPHTSz6+XyxjlgtO5QAk09f0=
    dependencies:
      "@ant-design/colors" "^5.0.0"
      "@ant-design/icons-svg" "^4.0.0"
      "@types/lodash" "^4.14.165"
      lodash "^4.17.15"
  
  "@antfu/utils@^0.3.0":
    version "0.3.0"
    resolved "https://registry.npmmirror.com/@antfu/utils/download/@antfu/utils-0.3.0.tgz#6306c43b52a883bd8e973e3ed8dd64248418bcc4"
    integrity sha1-YwbEO1Kog72Olz4+2N1kJIQYvMQ=
    dependencies:
      "@types/throttle-debounce" "^2.1.0"
  
  "@babel/helper-validator-identifier@^7.15.7":
    version "7.15.7"
    resolved "https://registry.npmmirror.com/@babel/helper-validator-identifier/download/@babel/helper-validator-identifier-7.15.7.tgz#220df993bfe904a4a6b02ab4f3385a5ebf6e2389"
    integrity sha1-Ig35k7/pBKSmsCq08zhaXr9uI4k=
  
  "@babel/parser@^7.15.0", "@babel/parser@^7.6.0", "@babel/parser@^7.9.6":
    version "7.16.4"
    resolved "https://registry.npmmirror.com/@babel/parser/download/@babel/parser-7.16.4.tgz?cache=0&sync_timestamp=1637105418396&other_urls=https%3A%2F%2Fregistry.npmmirror.com%2F%40babel%2Fparser%2Fdownload%2F%40babel%2Fparser-7.16.4.tgz#d5f92f57cf2c74ffe9b37981c0e72fee7311372e"
    integrity sha512-6V0qdPUaiVHH3RtZeLIsc+6pDhbYzHR8ogA8w+f+Wc77DuXto19g2QUwveINoS34Uw+W8/hQDGJCx+i4n7xcng==
  
  "@babel/runtime@^7.10.5":
    version "7.16.3"
    resolved "https://registry.npmmirror.com/@babel/runtime/download/@babel/runtime-7.16.3.tgz?cache=0&sync_timestamp=1636507153081&other_urls=https%3A%2F%2Fregistry.npmmirror.com%2F%40babel%2Fruntime%2Fdownload%2F%40babel%2Fruntime-7.16.3.tgz#b86f0db02a04187a3c17caa77de69840165d42d5"
    integrity sha512-WBwekcqacdY2e9AF/Q7WLFUWmdJGJTkbjqTjoMDgXkVZ3ZRUvOPsLb5KdwISoQVsbP+DQzVZW4Zhci0DvpbNTQ==
    dependencies:
      regenerator-runtime "^0.13.4"
  
  "@babel/types@^7.6.1", "@babel/types@^7.9.6":
    version "7.16.0"
    resolved "https://registry.npmmirror.com/@babel/types/download/@babel/types-7.16.0.tgz#db3b313804f96aadd0b776c4823e127ad67289ba"
    integrity sha1-2zsxOAT5aq3Qt3bEgj4SetZyibo=
    dependencies:
      "@babel/helper-validator-identifier" "^7.15.7"
      to-fast-properties "^2.0.0"
  
  "@ctrl/tinycolor@^3.3.1", "@ctrl/tinycolor@^3.4.0":
    version "3.4.0"
    resolved "https://registry.npmmirror.com/@ctrl/tinycolor/download/@ctrl/tinycolor-3.4.0.tgz#c3c5ae543c897caa9c2a68630bed355be5f9990f"
    integrity sha1-w8WuVDyJfKqcKmhjC+01W+X5mQ8=
  
  "@emmetio/abbreviation@^2.2.2":
    version "2.2.2"
    resolved "https://registry.npmmirror.com/@emmetio/abbreviation/download/@emmetio/abbreviation-2.2.2.tgz#746762fd9e7a8c2ea604f580c62e3cfe250e6989"
    integrity sha1-dGdi/Z56jC6mBPWAxi48/iUOaYk=
    dependencies:
      "@emmetio/scanner" "^1.0.0"
  
  "@emmetio/css-abbreviation@^2.1.4":
    version "2.1.4"
    resolved "https://registry.npmmirror.com/@emmetio/css-abbreviation/download/@emmetio/css-abbreviation-2.1.4.tgz#90362e8a1122ce3b76f6c3157907d30182f53f54"
    integrity sha1-kDYuihEizjt29sMVeQfTAYL1P1Q=
    dependencies:
      "@emmetio/scanner" "^1.0.0"
  
  "@emmetio/scanner@^1.0.0":
    version "1.0.0"
    resolved "https://registry.npmmirror.com/@emmetio/scanner/download/@emmetio/scanner-1.0.0.tgz#065b2af6233fe7474d44823e3deb89724af42b5f"
    integrity sha1-Blsq9iM/50dNRII+PeuJckr0K18=
  
  "@nodelib/fs.scandir@2.1.5":
    version "2.1.5"
    resolved "https://registry.npmmirror.com/@nodelib/fs.scandir/download/@nodelib/fs.scandir-2.1.5.tgz#7619c2eb21b25483f6d167548b4cfd5a7488c3d5"
    integrity sha1-dhnC6yGyVIP20WdUi0z9WnSIw9U=
    dependencies:
      "@nodelib/fs.stat" "2.0.5"
      run-parallel "^1.1.9"
  
  "@nodelib/fs.stat@2.0.5", "@nodelib/fs.stat@^2.0.2":
    version "2.0.5"
    resolved "https://registry.npmmirror.com/@nodelib/fs.stat/download/@nodelib/fs.stat-2.0.5.tgz#5bd262af94e9d25bd1e71b05deed44876a222e8b"
    integrity sha1-W9Jir5Tp0lvR5xsF3u1Eh2oiLos=
  
  "@nodelib/fs.walk@^1.2.3":
    version "1.2.8"
    resolved "https://registry.npmmirror.com/@nodelib/fs.walk/download/@nodelib/fs.walk-1.2.8.tgz#e95737e8bb6746ddedf69c556953494f196fe69a"
    integrity sha1-6Vc36LtnRt3t9pxVaVNJTxlv5po=
    dependencies:
      "@nodelib/fs.scandir" "2.1.5"
      fastq "^1.6.0"
  
  "@rollup/pluginutils@^4.1.1":
    version "4.1.1"
    resolved "https://registry.npmmirror.com/@rollup/pluginutils/download/@rollup/pluginutils-4.1.1.tgz#1d4da86dd4eded15656a57d933fda2b9a08d47ec"
    integrity sha1-HU2obdTt7RVlalfZM/2iuaCNR+w=
    dependencies:
      estree-walker "^2.0.1"
      picomatch "^2.2.2"
  
  "@simonwep/pickr@~1.8.0":
    version "1.8.2"
    resolved "https://registry.npmmirror.com/@simonwep/pickr/download/@simonwep/pickr-1.8.2.tgz#96dc86675940d7cad63d69c22083dd1cbb9797cb"
    integrity sha1-ltyGZ1lA18rWPWnCIIPdHLuXl8s=
    dependencies:
      core-js "^3.15.1"
      nanopop "^2.1.0"
  
  "@soerenmartius/vue3-clipboard@^0.1.2":
    version "0.1.2"
    resolved "https://registry.npmmirror.com/@soerenmartius/vue3-clipboard/download/@soerenmartius/vue3-clipboard-0.1.2.tgz#83927f65b48da71bde044a276cdf858c1c021c38"
    integrity sha1-g5J/ZbSNpxveBEonbN+FjBwCHDg=
    dependencies:
      clipboard "^2.0.0"
  
  "@types/lodash@^4.14.165":
    version "4.14.177"
    resolved "https://registry.npmmirror.com/@types/lodash/download/@types/lodash-4.14.177.tgz?cache=0&sync_timestamp=1637266646055&other_urls=https%3A%2F%2Fregistry.npmmirror.com%2F%40types%2Flodash%2Fdownload%2F%40types%2Flodash-4.14.177.tgz#f70c0d19c30fab101cad46b52be60363c43c4578"
    integrity sha512-0fDwydE2clKe9MNfvXHBHF9WEahRuj+msTuQqOmAApNORFvhMYZKNGGJdCzuhheVjMps/ti0Ak/iJPACMaevvw==
  
  "@types/node@^16.11.12":
    version "16.11.12"
    resolved "https://registry.npmmirror.com/@types/node/download/@types/node-16.11.12.tgz#ac7fb693ac587ee182c3780c26eb65546a1a3c10"
    integrity sha512-+2Iggwg7PxoO5Kyhvsq9VarmPbIelXP070HMImEpbtGCoyWNINQj4wzjbQCXzdHTRXnqufutJb5KAURZANNBAw==
  
  "@types/throttle-debounce@^2.1.0":
    version "2.1.0"
    resolved "https://registry.npmmirror.com/@types/throttle-debounce/download/@types/throttle-debounce-2.1.0.tgz#1c3df624bfc4b62f992d3012b84c56d41eab3776"
    integrity sha1-HD32JL/Eti+ZLTASuExW1B6rN3Y=
  
  "@vitejs/plugin-vue@^1.10.2":
    version "1.10.2"
    resolved "https://registry.npmmirror.com/@vitejs/plugin-vue/download/@vitejs/plugin-vue-1.10.2.tgz#d718479e2789d8a94b63e00f23f1898ba239253a"
    integrity sha512-/QJ0Z9qfhAFtKRY+r57ziY4BSbGUTGsPRMpB/Ron3QPwBZM4OZAZHdTa4a8PafCwU5DTatXG8TMDoP8z+oDqJw==
  
  "@volar/code-gen@0.28.10":
    version "0.28.10"
    resolved "https://registry.npmmirror.com/@volar/code-gen/download/@volar/code-gen-0.28.10.tgz#3e8612d117ecb271968b3f38bb1add92c7c1631c"
    integrity sha1-PoYS0RfssnGWiz84uxrdksfBYxw=
    dependencies:
      "@volar/shared" "0.28.10"
      "@volar/source-map" "0.28.10"
  
  "@volar/html2pug@0.28.10":
    version "0.28.10"
    resolved "https://registry.npmmirror.com/@volar/html2pug/download/@volar/html2pug-0.28.10.tgz#73bd86f758d57bb1a2a4aec4b3bd05e91533aa28"
    integrity sha1-c72G91jVe7GipK7Es70F6RUzqig=
    dependencies:
      domelementtype "^2.2.0"
      domhandler "^4.2.2"
      htmlparser2 "^7.1.2"
      pug "^3.0.2"
  
  "@volar/shared@0.28.10":
    version "0.28.10"
    resolved "https://registry.npmmirror.com/@volar/shared/download/@volar/shared-0.28.10.tgz#4ab2224127c3f170aabdaf527b220d9c9bd5887a"
    integrity sha1-SrIiQSfD8XCqva9SeyINnJvViHo=
    dependencies:
      upath "^2.0.1"
      vscode-jsonrpc "^8.0.0-next.2"
      vscode-uri "^3.0.2"
  
  "@volar/source-map@0.28.10":
    version "0.28.10"
    resolved "https://registry.npmmirror.com/@volar/source-map/download/@volar/source-map-0.28.10.tgz#acbee951042f4ee8ac5a3362a597480d07b9ebba"
    integrity sha1-rL7pUQQvTuisWjNipZdIDQe567o=
    dependencies:
      "@volar/shared" "0.28.10"
  
  "@volar/transforms@0.28.10":
    version "0.28.10"
    resolved "https://registry.npmmirror.com/@volar/transforms/download/@volar/transforms-0.28.10.tgz#7be740c04981905f2fa2a87fdddfd4b2436d1421"
    integrity sha1-e+dAwEmBkF8voqh/3d/UskNtFCE=
    dependencies:
      "@volar/shared" "0.28.10"
      vscode-languageserver "^8.0.0-next.2"
  
  "@vscode/emmet-helper@^2.8.0":
    version "2.8.2"
    resolved "https://registry.npmmirror.com/@vscode/emmet-helper/download/@vscode/emmet-helper-2.8.2.tgz#9b2ce4fdd62cf3fda45cf8af67c012cfce55edc9"
    integrity sha1-myzk/dYs8/2kXPivZ8ASz85V7ck=
    dependencies:
      emmet "^2.3.0"
      jsonc-parser "^2.3.0"
      vscode-languageserver-textdocument "^1.0.1"
      vscode-languageserver-types "^3.15.1"
      vscode-nls "^5.0.0"
      vscode-uri "^2.1.2"
  
  "@vue/compiler-core@3.2.24":
    version "3.2.24"
    resolved "https://registry.npmmirror.com/@vue/compiler-core/download/@vue/compiler-core-3.2.24.tgz#cadcda0e026e7f1cd453ce87160be51a5f313fe0"
    integrity sha512-A0SxB2HAggKzP57LDin5gfgWOTwFyGCtQ5MTMNBADnfQYALWnYuC8kMI0DhRSplGTWRvn9Z2DAnG8f35BnojuA==
    dependencies:
      "@babel/parser" "^7.15.0"
      "@vue/shared" "3.2.24"
      estree-walker "^2.0.2"
      source-map "^0.6.1"
  
  "@vue/compiler-dom@3.2.24", "@vue/compiler-dom@^3.2.20":
    version "3.2.24"
    resolved "https://registry.npmmirror.com/@vue/compiler-dom/download/@vue/compiler-dom-3.2.24.tgz#32235cb444660245be5cc58f4beb76747400505c"
    integrity sha512-KQEm8r0JFsrNNIfbD28pcwMvHpcJcwjVR1XWFcD0yyQ8eREd7IXhT7J6j7iNCSE/TIo78NOvkwbyX+lnIm836w==
    dependencies:
      "@vue/compiler-core" "3.2.24"
      "@vue/shared" "3.2.24"
  
  "@vue/compiler-sfc@3.2.24":
    version "3.2.24"
    resolved "https://registry.npmmirror.com/@vue/compiler-sfc/download/@vue/compiler-sfc-3.2.24.tgz#803a309e1935fc85981218d88fd4fb5db05afdb1"
    integrity sha512-YGPcIvVJp2qTPkuT6kT43Eo1xjstyY4bmuiSV31my4bQMBFVR26ANmifUSt759Blok71gK0WzfIZHbcOKYOeKA==
    dependencies:
      "@babel/parser" "^7.15.0"
      "@vue/compiler-core" "3.2.24"
      "@vue/compiler-dom" "3.2.24"
      "@vue/compiler-ssr" "3.2.24"
      "@vue/ref-transform" "3.2.24"
      "@vue/shared" "3.2.24"
      estree-walker "^2.0.2"
      magic-string "^0.25.7"
      postcss "^8.1.10"
      source-map "^0.6.1"
  
  "@vue/compiler-ssr@3.2.24":
    version "3.2.24"
    resolved "https://registry.npmmirror.com/@vue/compiler-ssr/download/@vue/compiler-ssr-3.2.24.tgz#edd0b7e7cd28d6c2578bb770ce0128bfdef9c948"
    integrity sha512-E1HHShNsGVWXxs68LDOUuI+Bzak9W/Ier/366aKDBFuwvfwgruwq6abhMfj6pSDZpwZ/PXnfliyl/m7qBSq6gw==
    dependencies:
      "@vue/compiler-dom" "3.2.24"
      "@vue/shared" "3.2.24"
  
  "@vue/reactivity@3.2.24", "@vue/reactivity@^3.2.20":
    version "3.2.24"
    resolved "https://registry.npmmirror.com/@vue/reactivity/download/@vue/reactivity-3.2.24.tgz#4b24301ff7af0607c49a1e6976a22b4f62eab1a4"
    integrity sha512-5eVsO9wfQ5erCMSRBjpqLkkI+LglJS7E0oLZJs2gsChpvOjH2Uwt3Hk1nVv0ywStnWg71Ykn3SyQwtnl7PknOQ==
    dependencies:
      "@vue/shared" "3.2.24"
  
  "@vue/ref-transform@3.2.24":
    version "3.2.24"
    resolved "https://registry.npmmirror.com/@vue/ref-transform/download/@vue/ref-transform-3.2.24.tgz#335bf06e0b25be16e7056cc4117c51a79f0c9122"
    integrity sha512-j6oNbsGLvea2rF8GQB9w6q7UFL1So7J+t6ducaMeWPSyjYZ+slWpwPVK6mmyghg5oGqC41R+HC5BV036Y0KhXQ==
    dependencies:
      "@babel/parser" "^7.15.0"
      "@vue/compiler-core" "3.2.24"
      "@vue/shared" "3.2.24"
      estree-walker "^2.0.2"
      magic-string "^0.25.7"
  
  "@vue/runtime-core@3.2.24":
    version "3.2.24"
    resolved "https://registry.npmmirror.com/@vue/runtime-core/download/@vue/runtime-core-3.2.24.tgz#b3e433587442910d90f78f61ce3c5faf6fb3f355"
    integrity sha512-ReI06vGgYuW0G8FlOcAOzMklVDJSxKuRhYzT8j+a8BTfs1945kxo1Th28BPvasyYx8J+LMeZ0HqpPH9yGXvWvg==
    dependencies:
      "@vue/reactivity" "3.2.24"
      "@vue/shared" "3.2.24"
  
  "@vue/runtime-dom@3.2.24":
    version "3.2.24"
    resolved "https://registry.npmmirror.com/@vue/runtime-dom/download/@vue/runtime-dom-3.2.24.tgz#14b462514cdb01d9de6c09ecf1d5d5d55a58e1e3"
    integrity sha512-piqsabtIEUKkMGSJlOyKUonZEDtdwOpR6teQ8EKbH8PX9sxfAt9snLnFJldUhhyYrLIyDtnjwajfJ7/XtpD4JA==
    dependencies:
      "@vue/runtime-core" "3.2.24"
      "@vue/shared" "3.2.24"
      csstype "^2.6.8"
  
  "@vue/server-renderer@3.2.24":
    version "3.2.24"
    resolved "https://registry.npmmirror.com/@vue/server-renderer/download/@vue/server-renderer-3.2.24.tgz#8009b1e52293fd4efc71b90452baf502ecb9dc03"
    integrity sha512-DqiCRDxTbv67Hw5ImiqnLIQbPGtIwWLLfEcVHoEnu1f21EMTB6LfoS69EQddd8VyfN5kfX3Fmz27/hrFPpRaMQ==
    dependencies:
      "@vue/compiler-ssr" "3.2.24"
      "@vue/shared" "3.2.24"
  
  "@vue/shared@3.2.24", "@vue/shared@^3.2.20":
    version "3.2.24"
    resolved "https://registry.npmmirror.com/@vue/shared/download/@vue/shared-3.2.24.tgz#d74615e856013b17fb60b19b09d712729ad5e090"
    integrity sha512-BUgRiZCkCrqDps5aQ9av05xcge3rn092ztKIh17tHkeEFgP4zfXMQWBA2zfdoCdCEdBL26xtOv+FZYiOp9RUDA==
  
  acorn@^7.1.1:
    version "7.4.1"
    resolved "https://registry.npmmirror.com/acorn/download/acorn-7.4.1.tgz?cache=0&sync_timestamp=1637225522161&other_urls=https%3A%2F%2Fregistry.npmmirror.com%2Facorn%2Fdownload%2Facorn-7.4.1.tgz#feaed255973d2e77555b83dbc08851a6c63520fa"
    integrity sha1-/q7SVZc9LndVW4PbwIhRpsY1IPo=
  
  adler-32@~1.2.0:
    version "1.2.0"
    resolved "https://registry.npmmirror.com/adler-32/download/adler-32-1.2.0.tgz#6a3e6bf0a63900ba15652808cb15c6813d1a5f25"
    integrity sha1-aj5r8KY5ALoVZSgIyxXGgT0aXyU=
    dependencies:
      exit-on-epipe "~1.0.1"
      printj "~1.1.0"
  
  adler-32@~1.3.0:
    version "1.3.0"
    resolved "https://registry.npmmirror.com/adler-32/download/adler-32-1.3.0.tgz#3cad1b71cdfa69f6c8a91f3e3615d31a4fdedc72"
    integrity sha1-PK0bcc36afbIqR8+NhXTGk/e3HI=
    dependencies:
      printj "~1.2.2"
  
  ant-design-vue@^3.0.0-alpha.14:
    version "3.0.0-alpha.14"
    resolved "https://registry.npmmirror.com/ant-design-vue/download/ant-design-vue-3.0.0-alpha.14.tgz#93fc2507f706f30363adcd2a16d16fc25c871751"
    integrity sha512-PmK8I90CMEwij+wFU52nPFi5PgRNlEzyHoF7gB2a7fU5m248OhTorQ9Rv3QqBwC1kjp4a2GpaFR2uvP0Mbu70Q==
    dependencies:
      "@ant-design/colors" "^6.0.0"
      "@ant-design/icons-vue" "^6.0.0"
      "@babel/runtime" "^7.10.5"
      "@simonwep/pickr" "~1.8.0"
      array-tree-filter "^2.1.0"
      async-validator "^4.0.0"
      dayjs "^1.10.5"
      dom-align "^1.12.1"
      dom-scroll-into-view "^2.0.0"
      lodash "^4.17.21"
      lodash-es "^4.17.15"
      resize-observer-polyfill "^1.5.1"
      scroll-into-view-if-needed "^2.2.25"
      shallow-equal "^1.0.0"
      vue-types "^3.0.0"
      warning "^4.0.0"
  
  anymatch@~3.1.2:
    version "3.1.2"
    resolved "https://registry.npmmirror.com/anymatch/download/anymatch-3.1.2.tgz#c0557c096af32f106198f4f4e2a383537e378716"
    integrity sha1-wFV8CWrzLxBhmPT04qODU343hxY=
    dependencies:
      normalize-path "^3.0.0"
      picomatch "^2.0.4"
  
  array-tree-filter@^2.1.0:
    version "2.1.0"
    resolved "https://registry.npmmirror.com/array-tree-filter/download/array-tree-filter-2.1.0.tgz#873ac00fec83749f255ac8dd083814b4f6329190"
    integrity sha1-hzrAD+yDdJ8lWsjdCDgUtPYykZA=
  
  asap@~2.0.3:
    version "2.0.6"
    resolved "https://registry.npmmirror.com/asap/download/asap-2.0.6.tgz#e50347611d7e690943208bbdafebcbc2fb866d46"
    integrity sha1-5QNHYR1+aQlDIIu9r+vLwvuGbUY=
  
  assert-never@^1.2.1:
    version "1.2.1"
    resolved "https://registry.npmmirror.com/assert-never/download/assert-never-1.2.1.tgz#11f0e363bf146205fb08193b5c7b90f4d1cf44fe"
    integrity sha1-EfDjY78UYgX7CBk7XHuQ9NHPRP4=
  
  async-validator@^4.0.0:
    version "4.0.7"
    resolved "https://registry.npmmirror.com/async-validator/download/async-validator-4.0.7.tgz?cache=0&sync_timestamp=1634529502627&other_urls=https%3A%2F%2Fregistry.npmmirror.com%2Fasync-validator%2Fdownload%2Fasync-validator-4.0.7.tgz#034a0fd2103a6b2ebf010da75183bec299247afe"
    integrity sha1-A0oP0hA6ay6/AQ2nUYO+wpkkev4=
  
  babel-walk@3.0.0-canary-5:
    version "3.0.0-canary-5"
    resolved "https://registry.npmmirror.com/babel-walk/download/babel-walk-3.0.0-canary-5.tgz#f66ecd7298357aee44955f235a6ef54219104b11"
    integrity sha1-9m7Ncpg1eu5ElV8jWm71QhkQSxE=
    dependencies:
      "@babel/types" "^7.9.6"
  
  balanced-match@^1.0.0:
    version "1.0.2"
    resolved "https://registry.npmmirror.com/balanced-match/download/balanced-match-1.0.2.tgz#e83e3a7e3f300b34cb9d87f615fa0cbf357690ee"
    integrity sha1-6D46fj8wCzTLnYf2FfoMvzV2kO4=
  
  binary-extensions@^2.0.0:
    version "2.2.0"
    resolved "https://registry.npmmirror.com/binary-extensions/download/binary-extensions-2.2.0.tgz#75f502eeaf9ffde42fc98829645be4ea76bd9e2d"
    integrity sha1-dfUC7q+f/eQvyYgpZFvk6na9ni0=
  
  brace-expansion@^1.1.7:
    version "1.1.11"
    resolved "https://registry.npmmirror.com/brace-expansion/download/brace-expansion-1.1.11.tgz#3c7fcbf529d87226f3d2f52b966ff5271eb441dd"
    integrity sha1-PH/L9SnYcibz0vUrlm/1Jx60Qd0=
    dependencies:
      balanced-match "^1.0.0"
      concat-map "0.0.1"
  
  braces@^3.0.1, braces@~3.0.2:
    version "3.0.2"
    resolved "https://registry.npmmirror.com/braces/download/braces-3.0.2.tgz#3454e1a462ee8d599e236df336cd9ea4f8afe107"
    integrity sha1-NFThpGLujVmeI23zNs2epPiv4Qc=
    dependencies:
      fill-range "^7.0.1"
  
  builtins@^4.0.0:
    version "4.0.0"
    resolved "https://registry.npmmirror.com/builtins/download/builtins-4.0.0.tgz#a8345420de82068fdc4d6559d0456403a8fb1905"
    integrity sha1-qDRUIN6CBo/cTWVZ0EVkA6j7GQU=
    dependencies:
      semver "^7.0.0"
  
  call-bind@^1.0.2:
    version "1.0.2"
    resolved "https://registry.npmmirror.com/call-bind/download/call-bind-1.0.2.tgz#b1d4e89e688119c3c9a903ad30abb2f6a919be3c"
    integrity sha1-sdTonmiBGcPJqQOtMKuy9qkZvjw=
    dependencies:
      function-bind "^1.1.1"
      get-intrinsic "^1.0.2"
  
  cfb@^1.1.4:
    version "1.2.1"
    resolved "https://registry.npmmirror.com/cfb/download/cfb-1.2.1.tgz#209429e4c68efd30641f6fc74b2d6028bd202402"
    integrity sha1-IJQp5MaO/TBkH2/HSy1gKL0gJAI=
    dependencies:
      adler-32 "~1.3.0"
      crc-32 "~1.2.0"
      printj "~1.3.0"
  
  character-parser@^2.2.0:
    version "2.2.0"
    resolved "https://registry.npmmirror.com/character-parser/download/character-parser-2.2.0.tgz#c7ce28f36d4bcd9744e5ffc2c5fcde1c73261fc0"
    integrity sha1-x84o821LzZdE5f/CxfzeHHMmH8A=
    dependencies:
      is-regex "^1.0.3"
  
  chokidar@^3.5.2:
    version "3.5.2"
    resolved "https://registry.npmmirror.com/chokidar/download/chokidar-3.5.2.tgz#dba3976fcadb016f66fd365021d91600d01c1e75"
    integrity sha1-26OXb8rbAW9m/TZQIdkWANAcHnU=
    dependencies:
      anymatch "~3.1.2"
      braces "~3.0.2"
      glob-parent "~5.1.2"
      is-binary-path "~2.1.0"
      is-glob "~4.0.1"
      normalize-path "~3.0.0"
      readdirp "~3.6.0"
    optionalDependencies:
      fsevents "~2.3.2"
  
  clipboard@^2.0.0:
    version "2.0.8"
    resolved "https://registry.npmmirror.com/clipboard/download/clipboard-2.0.8.tgz#ffc6c103dd2967a83005f3f61976aa4655a4cdba"
    integrity sha1-/8bBA90pZ6gwBfP2GXaqRlWkzbo=
    dependencies:
      good-listener "^1.2.2"
      select "^1.1.2"
      tiny-emitter "^2.0.0"
  
  codepage@~1.15.0:
    version "1.15.0"
    resolved "https://registry.npmmirror.com/codepage/download/codepage-1.15.0.tgz#2e00519024b39424ec66eeb3ec07227e692618ab"
    integrity sha1-LgBRkCSzlCTsZu6z7AcifmkmGKs=
  
  compute-scroll-into-view@^1.0.17:
    version "1.0.17"
    resolved "https://registry.npmmirror.com/compute-scroll-into-view/download/compute-scroll-into-view-1.0.17.tgz#6a88f18acd9d42e9cf4baa6bec7e0522607ab7ab"
    integrity sha1-aojxis2dQunPS6pr7H4FImB6t6s=
  
  concat-map@0.0.1:
    version "0.0.1"
    resolved "https://registry.npmmirror.com/concat-map/download/concat-map-0.0.1.tgz#d8a96bd77fd68df7793a73036a3ba0d5405d477b"
    integrity sha1-2Klr13/Wjfd5OnMDajug1UBdR3s=
  
  constantinople@^4.0.1:
    version "4.0.1"
    resolved "https://registry.npmmirror.com/constantinople/download/constantinople-4.0.1.tgz#0def113fa0e4dc8de83331a5cf79c8b325213151"
    integrity sha1-De8RP6Dk3I3oMzGlz3nIsyUhMVE=
    dependencies:
      "@babel/parser" "^7.6.0"
      "@babel/types" "^7.6.1"
  
  core-js@^3.15.1:
    version "3.19.3"
    resolved "https://registry.npmmirror.com/core-js/download/core-js-3.19.3.tgz#6df8142a996337503019ff3235a7022d7cdf4559"
    integrity sha512-LeLBMgEGSsG7giquSzvgBrTS7V5UL6ks3eQlUSbN8dJStlLFiRzUm5iqsRyzUB8carhfKjkJ2vzKqE6z1Vga9g==
  
  crc-32@~1.2.0:
    version "1.2.0"
    resolved "https://registry.npmmirror.com/crc-32/download/crc-32-1.2.0.tgz#cb2db6e29b88508e32d9dd0ec1693e7b41a18208"
    integrity sha1-yy224puIUI4y2d0OwWk+e0Ghggg=
    dependencies:
      exit-on-epipe "~1.0.1"
      printj "~1.1.0"
  
  csstype@^2.6.8:
    version "2.6.19"
    resolved "https://registry.npmmirror.com/csstype/download/csstype-2.6.19.tgz?cache=0&sync_timestamp=1637224539572&other_urls=https%3A%2F%2Fregistry.npmmirror.com%2Fcsstype%2Fdownload%2Fcsstype-2.6.19.tgz#feeb5aae89020bb389e1f63669a5ed490e391caa"
    integrity sha512-ZVxXaNy28/k3kJg0Fou5MiYpp88j7H9hLZp8PDC3jV0WFjfH5E9xHb56L0W59cPbKbcHXeP4qyT8PrHp8t6LcQ==
  
  dayjs@^1.10.5:
    version "1.10.7"
    resolved "https://registry.npmmirror.com/dayjs/download/dayjs-1.10.7.tgz?cache=0&sync_timestamp=1632754559701&other_urls=https%3A%2F%2Fregistry.npmmirror.com%2Fdayjs%2Fdownload%2Fdayjs-1.10.7.tgz#2cf5f91add28116748440866a0a1d26f3a6ce468"
    integrity sha1-LPX5Gt0oEWdIRAhmoKHSbzps5Gg=
  
  debug@^4.3.2:
    version "4.3.3"
    resolved "https://registry.npmmirror.com/debug/download/debug-4.3.3.tgz#04266e0b70a98d4462e6e288e38259213332b664"
    integrity sha512-/zxw5+vh1Tfv+4Qn7a5nsbcJKPaSvCDhojn6FEl9vupwK2VCSDtEiEtqr8DFtzYFOdz63LBkxec7DYuc2jon6Q==
    dependencies:
      ms "2.1.2"
  
  delegate@^3.1.2:
    version "3.2.0"
    resolved "https://registry.npmmirror.com/delegate/download/delegate-3.2.0.tgz#b66b71c3158522e8ab5744f720d8ca0c2af59166"
    integrity sha1-tmtxwxWFIuirV0T3INjKDCr1kWY=
  
  doctypes@^1.1.0:
    version "1.1.0"
    resolved "https://registry.npmmirror.com/doctypes/download/doctypes-1.1.0.tgz#ea80b106a87538774e8a3a4a5afe293de489e0a9"
    integrity sha1-6oCxBqh1OHdOijpKWv4pPeSJ4Kk=
  
  dom-align@^1.12.1:
    version "1.12.2"
    resolved "https://registry.npmmirror.com/dom-align/download/dom-align-1.12.2.tgz#0f8164ebd0c9c21b0c790310493cd855892acd4b"
    integrity sha1-D4Fk69DJwhsMeQMQSTzYVYkqzUs=
  
  dom-scroll-into-view@^2.0.0:
    version "2.0.1"
    resolved "https://registry.npmmirror.com/dom-scroll-into-view/download/dom-scroll-into-view-2.0.1.tgz#0decc8522801fd8d3f1c6ba355a74d382c5f989b"
    integrity sha1-DezIUigB/Y0/HGujVadNOCxfmJs=
  
  dom-serializer@^1.0.1:
    version "1.3.2"
    resolved "https://registry.npmmirror.com/dom-serializer/download/dom-serializer-1.3.2.tgz#6206437d32ceefaec7161803230c7a20bc1b4d91"
    integrity sha1-YgZDfTLO767HFhgDIwx6ILwbTZE=
    dependencies:
      domelementtype "^2.0.1"
      domhandler "^4.2.0"
      entities "^2.0.0"
  
  domelementtype@^2.0.1, domelementtype@^2.2.0:
    version "2.2.0"
    resolved "https://registry.npmmirror.com/domelementtype/download/domelementtype-2.2.0.tgz#9a0b6c2782ed6a1c7323d42267183df9bd8b1d57"
    integrity sha1-mgtsJ4LtahxzI9QiZxg9+b2LHVc=
  
  domhandler@^4.2.0, domhandler@^4.2.2:
    version "4.3.0"
    resolved "https://registry.npmmirror.com/domhandler/download/domhandler-4.3.0.tgz#16c658c626cf966967e306f966b431f77d4a5626"
    integrity sha512-fC0aXNQXqKSFTr2wDNZDhsEYjCiYsDWl3D01kwt25hm1YIPyDGHvvi3rw+PLqHAl/m71MaiF7d5zvBr0p5UB2g==
    dependencies:
      domelementtype "^2.2.0"
  
  domutils@^2.8.0:
    version "2.8.0"
    resolved "https://registry.npmmirror.com/domutils/download/domutils-2.8.0.tgz#4437def5db6e2d1f5d6ee859bd95ca7d02048135"
    integrity sha1-RDfe9dtuLR9dbuhZvZXKfQIEgTU=
    dependencies:
      dom-serializer "^1.0.1"
      domelementtype "^2.2.0"
      domhandler "^4.2.0"
  
  emmet@^2.3.0:
    version "2.3.4"
    resolved "https://registry.npmmirror.com/emmet/download/emmet-2.3.4.tgz#5ba0d7a5569a68c7697dfa890c772e4f3179d123"
    integrity sha1-W6DXpVaaaMdpffqJDHcuTzF50SM=
    dependencies:
      "@emmetio/abbreviation" "^2.2.2"
      "@emmetio/css-abbreviation" "^2.1.4"
  
  entities@^2.0.0:
    version "2.2.0"
    resolved "https://registry.npmmirror.com/entities/download/entities-2.2.0.tgz#098dc90ebb83d8dffa089d55256b351d34c4da55"
    integrity sha1-CY3JDruD2N/6CJ1VJWs1HTTE2lU=
  
  entities@^3.0.1:
    version "3.0.1"
    resolved "https://registry.npmmirror.com/entities/download/entities-3.0.1.tgz#2b887ca62585e96db3903482d336c1006c3001d4"
    integrity sha1-K4h8piWF6W2zkDSC0zbBAGwwAdQ=
  
  esbuild-android-arm64@0.13.15:
    version "0.13.15"
    resolved "https://registry.npmmirror.com/esbuild-android-arm64/download/esbuild-android-arm64-0.13.15.tgz#3fc3ff0bab76fe35dd237476b5d2b32bb20a3d44"
    integrity sha512-m602nft/XXeO8YQPUDVoHfjyRVPdPgjyyXOxZ44MK/agewFFkPa8tUo6lAzSWh5Ui5PB4KR9UIFTSBKh/RrCmg==
  
  esbuild-darwin-64@0.13.15:
    version "0.13.15"
    resolved "https://registry.npmmirror.com/esbuild-darwin-64/download/esbuild-darwin-64-0.13.15.tgz#8e9169c16baf444eacec60d09b24d11b255a8e72"
    integrity sha512-ihOQRGs2yyp7t5bArCwnvn2Atr6X4axqPpEdCFPVp7iUj4cVSdisgvEKdNR7yH3JDjW6aQDw40iQFoTqejqxvQ==
  
  esbuild-darwin-arm64@0.13.15:
    version "0.13.15"
    resolved "https://registry.npmmirror.com/esbuild-darwin-arm64/download/esbuild-darwin-arm64-0.13.15.tgz#1b07f893b632114f805e188ddfca41b2b778229a"
    integrity sha512-i1FZssTVxUqNlJ6cBTj5YQj4imWy3m49RZRnHhLpefFIh0To05ow9DTrXROTE1urGTQCloFUXTX8QfGJy1P8dQ==
  
  esbuild-freebsd-64@0.13.15:
    version "0.13.15"
    resolved "https://registry.npmmirror.com/esbuild-freebsd-64/download/esbuild-freebsd-64-0.13.15.tgz#0b8b7eca1690c8ec94c75680c38c07269c1f4a85"
    integrity sha512-G3dLBXUI6lC6Z09/x+WtXBXbOYQZ0E8TDBqvn7aMaOCzryJs8LyVXKY4CPnHFXZAbSwkCbqiPuSQ1+HhrNk7EA==
  
  esbuild-freebsd-arm64@0.13.15:
    version "0.13.15"
    resolved "https://registry.npmmirror.com/esbuild-freebsd-arm64/download/esbuild-freebsd-arm64-0.13.15.tgz#2e1a6c696bfdcd20a99578b76350b41db1934e52"
    integrity sha512-KJx0fzEDf1uhNOZQStV4ujg30WlnwqUASaGSFPhznLM/bbheu9HhqZ6mJJZM32lkyfGJikw0jg7v3S0oAvtvQQ==
  
  esbuild-linux-32@0.13.15:
    version "0.13.15"
    resolved "https://registry.npmmirror.com/esbuild-linux-32/download/esbuild-linux-32-0.13.15.tgz#6fd39f36fc66dd45b6b5f515728c7bbebc342a69"
    integrity sha512-ZvTBPk0YWCLMCXiFmD5EUtB30zIPvC5Itxz0mdTu/xZBbbHJftQgLWY49wEPSn2T/TxahYCRDWun5smRa0Tu+g==
  
  esbuild-linux-64@0.13.15:
    version "0.13.15"
    resolved "https://registry.npmmirror.com/esbuild-linux-64/download/esbuild-linux-64-0.13.15.tgz#9cb8e4bcd7574e67946e4ee5f1f1e12386bb6dd3"
    integrity sha512-eCKzkNSLywNeQTRBxJRQ0jxRCl2YWdMB3+PkWFo2BBQYC5mISLIVIjThNtn6HUNqua1pnvgP5xX0nHbZbPj5oA==
  
  esbuild-linux-arm64@0.13.15:
    version "0.13.15"
    resolved "https://registry.npmmirror.com/esbuild-linux-arm64/download/esbuild-linux-arm64-0.13.15.tgz#3891aa3704ec579a1b92d2a586122e5b6a2bfba1"
    integrity sha512-bYpuUlN6qYU9slzr/ltyLTR9YTBS7qUDymO8SV7kjeNext61OdmqFAzuVZom+OLW1HPHseBfJ/JfdSlx8oTUoA==
  
  esbuild-linux-arm@0.13.15:
    version "0.13.15"
    resolved "https://registry.npmmirror.com/esbuild-linux-arm/download/esbuild-linux-arm-0.13.15.tgz#8a00e99e6a0c6c9a6b7f334841364d8a2b4aecfe"
    integrity sha512-wUHttDi/ol0tD8ZgUMDH8Ef7IbDX+/UsWJOXaAyTdkT7Yy9ZBqPg8bgB/Dn3CZ9SBpNieozrPRHm0BGww7W/jA==
  
  esbuild-linux-mips64le@0.13.15:
    version "0.13.15"
    resolved "https://registry.npmmirror.com/esbuild-linux-mips64le/download/esbuild-linux-mips64le-0.13.15.tgz#36b07cc47c3d21e48db3bb1f4d9ef8f46aead4f7"
    integrity sha512-KlVjIG828uFPyJkO/8gKwy9RbXhCEUeFsCGOJBepUlpa7G8/SeZgncUEz/tOOUJTcWMTmFMtdd3GElGyAtbSWg==
  
  esbuild-linux-ppc64le@0.13.15:
    version "0.13.15"
    resolved "https://registry.npmmirror.com/esbuild-linux-ppc64le/download/esbuild-linux-ppc64le-0.13.15.tgz#f7e6bba40b9a11eb9dcae5b01550ea04670edad2"
    integrity sha512-h6gYF+OsaqEuBjeesTBtUPw0bmiDu7eAeuc2OEH9S6mV9/jPhPdhOWzdeshb0BskRZxPhxPOjqZ+/OqLcxQwEQ==
  
  esbuild-netbsd-64@0.13.15:
    version "0.13.15"
    resolved "https://registry.npmmirror.com/esbuild-netbsd-64/download/esbuild-netbsd-64-0.13.15.tgz#a2fedc549c2b629d580a732d840712b08d440038"
    integrity sha512-3+yE9emwoevLMyvu+iR3rsa+Xwhie7ZEHMGDQ6dkqP/ndFzRHkobHUKTe+NCApSqG5ce2z4rFu+NX/UHnxlh3w==
  
  esbuild-openbsd-64@0.13.15:
    version "0.13.15"
    resolved "https://registry.npmmirror.com/esbuild-openbsd-64/download/esbuild-openbsd-64-0.13.15.tgz#b22c0e5806d3a1fbf0325872037f885306b05cd7"
    integrity sha512-wTfvtwYJYAFL1fSs8yHIdf5GEE4NkbtbXtjLWjM3Cw8mmQKqsg8kTiqJ9NJQe5NX/5Qlo7Xd9r1yKMMkHllp5g==
  
  esbuild-sunos-64@0.13.15:
    version "0.13.15"
    resolved "https://registry.npmmirror.com/esbuild-sunos-64/download/esbuild-sunos-64-0.13.15.tgz#d0b6454a88375ee8d3964daeff55c85c91c7cef4"
    integrity sha512-lbivT9Bx3t1iWWrSnGyBP9ODriEvWDRiweAs69vI+miJoeKwHWOComSRukttbuzjZ8r1q0mQJ8Z7yUsDJ3hKdw==
  
  esbuild-windows-32@0.13.15:
    version "0.13.15"
    resolved "https://registry.npmmirror.com/esbuild-windows-32/download/esbuild-windows-32-0.13.15.tgz#c96d0b9bbb52f3303322582ef8e4847c5ad375a7"
    integrity sha512-fDMEf2g3SsJ599MBr50cY5ve5lP1wyVwTe6aLJsM01KtxyKkB4UT+fc5MXQFn3RLrAIAZOG+tHC+yXObpSn7Nw==
  
  esbuild-windows-64@0.13.15:
    version "0.13.15"
    resolved "https://registry.npmmirror.com/esbuild-windows-64/download/esbuild-windows-64-0.13.15.tgz#1f79cb9b1e1bb02fb25cd414cb90d4ea2892c294"
    integrity sha512-9aMsPRGDWCd3bGjUIKG/ZOJPKsiztlxl/Q3C1XDswO6eNX/Jtwu4M+jb6YDH9hRSUflQWX0XKAfWzgy5Wk54JQ==
  
  esbuild-windows-arm64@0.13.15:
    version "0.13.15"
    resolved "https://registry.npmmirror.com/esbuild-windows-arm64/download/esbuild-windows-arm64-0.13.15.tgz#482173070810df22a752c686509c370c3be3b3c3"
    integrity sha512-zzvyCVVpbwQQATaf3IG8mu1IwGEiDxKkYUdA4FpoCHi1KtPa13jeScYDjlW0Qh+ebWzpKfR2ZwvqAQkSWNcKjA==
  
  esbuild@^0.13.12:
    version "0.13.15"
    resolved "https://registry.npmmirror.com/esbuild/download/esbuild-0.13.15.tgz#db56a88166ee373f87dbb2d8798ff449e0450cdf"
    integrity sha512-raCxt02HBKv8RJxE8vkTSCXGIyKHdEdGfUmiYb8wnabnaEmHzyW7DCHb5tEN0xU8ryqg5xw54mcwnYkC4x3AIw==
    optionalDependencies:
      esbuild-android-arm64 "0.13.15"
      esbuild-darwin-64 "0.13.15"
      esbuild-darwin-arm64 "0.13.15"
      esbuild-freebsd-64 "0.13.15"
      esbuild-freebsd-arm64 "0.13.15"
      esbuild-linux-32 "0.13.15"
      esbuild-linux-64 "0.13.15"
      esbuild-linux-arm "0.13.15"
      esbuild-linux-arm64 "0.13.15"
      esbuild-linux-mips64le "0.13.15"
      esbuild-linux-ppc64le "0.13.15"
      esbuild-netbsd-64 "0.13.15"
      esbuild-openbsd-64 "0.13.15"
      esbuild-sunos-64 "0.13.15"
      esbuild-windows-32 "0.13.15"
      esbuild-windows-64 "0.13.15"
      esbuild-windows-arm64 "0.13.15"
  
  estree-walker@^2.0.1, estree-walker@^2.0.2:
    version "2.0.2"
    resolved "https://registry.npmmirror.com/estree-walker/download/estree-walker-2.0.2.tgz#52f010178c2a4c117a7757cfe942adb7d2da4cac"
    integrity sha1-UvAQF4wqTBF6d1fP6UKtt9LaTKw=
  
  exit-on-epipe@~1.0.1:
    version "1.0.1"
    resolved "https://registry.npmmirror.com/exit-on-epipe/download/exit-on-epipe-1.0.1.tgz#0bdd92e87d5285d267daa8171d0eb06159689692"
    integrity sha1-C92S6H1ShdJn2qgXHQ6wYVlolpI=
  
  fast-glob@^3.2.7:
    version "3.2.7"
    resolved "https://registry.npmmirror.com/fast-glob/download/fast-glob-3.2.7.tgz#fd6cb7a2d7e9aa7a7846111e85a196d6b2f766a1"
    integrity sha1-/Wy3otfpqnp4RhEehaGW1rL3ZqE=
    dependencies:
      "@nodelib/fs.stat" "^2.0.2"
      "@nodelib/fs.walk" "^1.2.3"
      glob-parent "^5.1.2"
      merge2 "^1.3.0"
      micromatch "^4.0.4"
  
  fastq@^1.6.0:
    version "1.13.0"
    resolved "https://registry.npmmirror.com/fastq/download/fastq-1.13.0.tgz#616760f88a7526bdfc596b7cab8c18938c36b98c"
    integrity sha1-YWdg+Ip1Jr38WWt8q4wYk4w2uYw=
    dependencies:
      reusify "^1.0.4"
  
  fill-range@^7.0.1:
    version "7.0.1"
    resolved "https://registry.npmmirror.com/fill-range/download/fill-range-7.0.1.tgz#1919a6a7c75fe38b2c7c77e5198535da9acdda40"
    integrity sha1-GRmmp8df44ssfHflGYU12prN2kA=
    dependencies:
      to-regex-range "^5.0.1"
  
  frac@~1.1.2:
    version "1.1.2"
    resolved "https://registry.npmmirror.com/frac/download/frac-1.1.2.tgz#3d74f7f6478c88a1b5020306d747dc6313c74d0b"
    integrity sha1-PXT39keMiKG1AgMG10fcYxPHTQs=
  
  fsevents@~2.3.2:
    version "2.3.2"
    resolved "https://registry.npmmirror.com/fsevents/download/fsevents-2.3.2.tgz#8a526f78b8fdf4623b709e0b975c52c24c02fd1a"
    integrity sha1-ilJveLj99GI7cJ4Ll1xSwkwC/Ro=
  
  function-bind@^1.1.1:
    version "1.1.1"
    resolved "https://registry.npmmirror.com/function-bind/download/function-bind-1.1.1.tgz#a56899d3ea3c9bab874bb9773b7c5ede92f4895d"
    integrity sha1-pWiZ0+o8m6uHS7l3O3xe3pL0iV0=
  
  get-intrinsic@^1.0.2:
    version "1.1.1"
    resolved "https://registry.npmmirror.com/get-intrinsic/download/get-intrinsic-1.1.1.tgz#15f59f376f855c446963948f0d24cd3637b4abc6"
    integrity sha1-FfWfN2+FXERpY5SPDSTNNje0q8Y=
    dependencies:
      function-bind "^1.1.1"
      has "^1.0.3"
      has-symbols "^1.0.1"
  
  glob-parent@^5.1.2, glob-parent@~5.1.2:
    version "5.1.2"
    resolved "https://registry.npmmirror.com/glob-parent/download/glob-parent-5.1.2.tgz?cache=0&sync_timestamp=1632953971963&other_urls=https%3A%2F%2Fregistry.npmmirror.com%2Fglob-parent%2Fdownload%2Fglob-parent-5.1.2.tgz#869832c58034fe68a4093c17dc15e8340d8401c4"
    integrity sha1-hpgyxYA0/mikCTwX3BXoNA2EAcQ=
    dependencies:
      is-glob "^4.0.1"
  
  good-listener@^1.2.2:
    version "1.2.2"
    resolved "https://registry.npmmirror.com/good-listener/download/good-listener-1.2.2.tgz#d53b30cdf9313dffb7dc9a0d477096aa6d145c50"
    integrity sha1-1TswzfkxPf+33JoNR3CWqm0UXFA=
    dependencies:
      delegate "^3.1.2"
  
  has-symbols@^1.0.1, has-symbols@^1.0.2:
    version "1.0.2"
    resolved "https://registry.npmmirror.com/has-symbols/download/has-symbols-1.0.2.tgz#165d3070c00309752a1236a479331e3ac56f1423"
    integrity sha1-Fl0wcMADCXUqEjakeTMeOsVvFCM=
  
  has-tostringtag@^1.0.0:
    version "1.0.0"
    resolved "https://registry.npmmirror.com/has-tostringtag/download/has-tostringtag-1.0.0.tgz#7e133818a7d394734f941e73c3d3f9291e658b25"
    integrity sha1-fhM4GKfTlHNPlB5zw9P5KR5liyU=
    dependencies:
      has-symbols "^1.0.2"
  
  has@^1.0.3:
    version "1.0.3"
    resolved "https://registry.npmmirror.com/has/download/has-1.0.3.tgz#722d7cbfc1f6aa8241f16dd814e011e1f41e8796"
    integrity sha1-ci18v8H2qoJB8W3YFOAR4fQeh5Y=
    dependencies:
      function-bind "^1.1.1"
  
  highlight.js@^10.3.2:
    version "10.7.3"
    resolved "https://registry.npmmirror.com/highlight.js/download/highlight.js-10.7.3.tgz#697272e3991356e40c3cac566a74eef681756531"
    integrity sha1-aXJy45kTVuQMPKxWanTu9oF1ZTE=
  
  htmlparser2@^7.1.2:
    version "7.2.0"
    resolved "https://registry.npmmirror.com/htmlparser2/download/htmlparser2-7.2.0.tgz?cache=0&sync_timestamp=1636640929707&other_urls=https%3A%2F%2Fregistry.npmmirror.com%2Fhtmlparser2%2Fdownload%2Fhtmlparser2-7.2.0.tgz#8817cdea38bbc324392a90b1990908e81a65f5a5"
    integrity sha512-H7MImA4MS6cw7nbyURtLPO1Tms7C5H602LRETv95z1MxO/7CP7rDVROehUYeYBUYEON94NXXDEPmZuq+hX4sog==
    dependencies:
      domelementtype "^2.0.1"
      domhandler "^4.2.2"
      domutils "^2.8.0"
      entities "^3.0.1"
  
  import-meta-resolve@^1.1.1:
    version "1.1.1"
    resolved "https://registry.npmmirror.com/import-meta-resolve/download/import-meta-resolve-1.1.1.tgz#244fd542fd1fae73550d4f8b3cde3bba1d7b2b18"
    integrity sha1-JE/VQv0frnNVDU+LPN47uh17Kxg=
    dependencies:
      builtins "^4.0.0"
  
  is-binary-path@~2.1.0:
    version "2.1.0"
    resolved "https://registry.npmmirror.com/is-binary-path/download/is-binary-path-2.1.0.tgz#ea1f7f3b80f064236e83470f86c09c254fb45b09"
    integrity sha1-6h9/O4DwZCNug0cPhsCcJU+0Wwk=
    dependencies:
      binary-extensions "^2.0.0"
  
  is-core-module@^2.2.0:
    version "2.8.0"
    resolved "https://registry.npmmirror.com/is-core-module/download/is-core-module-2.8.0.tgz?cache=0&sync_timestamp=1634236519202&other_urls=https%3A%2F%2Fregistry.npmmirror.com%2Fis-core-module%2Fdownload%2Fis-core-module-2.8.0.tgz#0321336c3d0925e497fd97f5d95cb114a5ccd548"
    integrity sha1-AyEzbD0JJeSX/Zf12VyxFKXM1Ug=
    dependencies:
      has "^1.0.3"
  
  is-expression@^4.0.0:
    version "4.0.0"
    resolved "https://registry.npmmirror.com/is-expression/download/is-expression-4.0.0.tgz#c33155962abf21d0afd2552514d67d2ec16fd2ab"
    integrity sha1-wzFVliq/IdCv0lUlFNZ9LsFv0qs=
    dependencies:
      acorn "^7.1.1"
      object-assign "^4.1.1"
  
  is-extglob@^2.1.1:
    version "2.1.1"
    resolved "https://registry.npmmirror.com/is-extglob/download/is-extglob-2.1.1.tgz#a88c02535791f02ed37c76a1b9ea9773c833f8c2"
    integrity sha1-qIwCU1eR8C7TfHahueqXc8gz+MI=
  
  is-glob@^4.0.1, is-glob@~4.0.1:
    version "4.0.3"
    resolved "https://registry.npmmirror.com/is-glob/download/is-glob-4.0.3.tgz?cache=0&sync_timestamp=1632934382080&other_urls=https%3A%2F%2Fregistry.npmmirror.com%2Fis-glob%2Fdownload%2Fis-glob-4.0.3.tgz#64f61e42cbbb2eec2071a9dac0b28ba1e65d5084"
    integrity sha1-ZPYeQsu7LuwgcanawLKLoeZdUIQ=
    dependencies:
      is-extglob "^2.1.1"
  
  is-number@^7.0.0:
    version "7.0.0"
    resolved "https://registry.npmmirror.com/is-number/download/is-number-7.0.0.tgz#7535345b896734d5f80c4d06c50955527a14f12b"
    integrity sha1-dTU0W4lnNNX4DE0GxQlVUnoU8Ss=
  
  is-plain-object@3.0.1:
    version "3.0.1"
    resolved "https://registry.npmmirror.com/is-plain-object/download/is-plain-object-3.0.1.tgz#662d92d24c0aa4302407b0d45d21f2251c85f85b"
    integrity sha1-Zi2S0kwKpDAkB7DUXSHyJRyF+Fs=
  
  is-promise@^2.0.0:
    version "2.2.2"
    resolved "https://registry.npmmirror.com/is-promise/download/is-promise-2.2.2.tgz#39ab959ccbf9a774cf079f7b40c7a26f763135f1"
    integrity sha1-OauVnMv5p3TPB597QMeib3YxNfE=
  
  is-regex@^1.0.3:
    version "1.1.4"
    resolved "https://registry.npmmirror.com/is-regex/download/is-regex-1.1.4.tgz#eef5663cd59fa4c0ae339505323df6854bb15958"
    integrity sha1-7vVmPNWfpMCuM5UFMj32hUuxWVg=
    dependencies:
      call-bind "^1.0.2"
      has-tostringtag "^1.0.0"
  
  js-stringify@^1.0.2:
    version "1.0.2"
    resolved "https://registry.npmmirror.com/js-stringify/download/js-stringify-1.0.2.tgz#1736fddfd9724f28a3682adc6230ae7e4e9679db"
    integrity sha1-Fzb939lyTyijaCrcYjCufk6Weds=
  
  "js-tokens@^3.0.0 || ^4.0.0":
    version "4.0.0"
    resolved "https://registry.npmmirror.com/js-tokens/download/js-tokens-4.0.0.tgz#19203fb59991df98e3a287050d4647cdeaf32499"
    integrity sha1-GSA/tZmR35jjoocFDUZHzerzJJk=
  
  jsonc-parser@^2.3.0:
    version "2.3.1"
    resolved "https://registry.npmmirror.com/jsonc-parser/download/jsonc-parser-2.3.1.tgz#59549150b133f2efacca48fe9ce1ec0659af2342"
    integrity sha1-WVSRULEz8u+sykj+nOHsBlmvI0I=
  
  jsonc-parser@^3.0.0:
    version "3.0.0"
    resolved "https://registry.npmmirror.com/jsonc-parser/download/jsonc-parser-3.0.0.tgz#abdd785701c7e7eaca8a9ec8cf070ca51a745a22"
    integrity sha1-q914VwHH5+rKip7IzwcMpRp0WiI=
  
  jstransformer@1.0.0:
    version "1.0.0"
    resolved "https://registry.npmmirror.com/jstransformer/download/jstransformer-1.0.0.tgz#ed8bf0921e2f3f1ed4d5c1a44f68709ed24722c3"
    integrity sha1-7Yvwkh4vPx7U1cGkT2hwntJHIsM=
    dependencies:
      is-promise "^2.0.0"
      promise "^7.0.1"
  
  local-pkg@^0.4.0:
    version "0.4.0"
    resolved "https://registry.npmmirror.com/local-pkg/download/local-pkg-0.4.0.tgz#e6221171813d5a0812dd84fa80ffb1c8fcc00531"
    integrity sha1-5iIRcYE9WggS3YT6gP+xyPzABTE=
    dependencies:
      mlly "^0.2.2"
  
  lodash-es@^4.17.15:
    version "4.17.21"
    resolved "https://registry.npmmirror.com/lodash-es/download/lodash-es-4.17.21.tgz#43e626c46e6591b7750beb2b50117390c609e3ee"
    integrity sha1-Q+YmxG5lkbd1C+srUBFzkMYJ4+4=
  
  lodash@^4.17.15, lodash@^4.17.21:
    version "4.17.21"
    resolved "https://registry.npmmirror.com/lodash/download/lodash-4.17.21.tgz#679591c564c3bffaae8454cf0b3df370c3d6911c"
    integrity sha1-Z5WRxWTDv/quhFTPCz3zcMPWkRw=
  
  loose-envify@^1.0.0:
    version "1.4.0"
    resolved "https://registry.npmmirror.com/loose-envify/download/loose-envify-1.4.0.tgz#71ee51fa7be4caec1a63839f7e682d8132d30caf"
    integrity sha1-ce5R+nvkyuwaY4OffmgtgTLTDK8=
    dependencies:
      js-tokens "^3.0.0 || ^4.0.0"
  
  lru-cache@^6.0.0:
    version "6.0.0"
    resolved "https://registry.npmmirror.com/lru-cache/download/lru-cache-6.0.0.tgz#6d6fe6570ebd96aaf90fcad1dafa3b2566db3a94"
    integrity sha1-bW/mVw69lqr5D8rR2vo7JWbbOpQ=
    dependencies:
      yallist "^4.0.0"
  
  magic-string@^0.25.7:
    version "0.25.7"
    resolved "https://registry.npmmirror.com/magic-string/download/magic-string-0.25.7.tgz#3f497d6fd34c669c6798dcb821f2ef31f5445051"
    integrity sha1-P0l9b9NMZpxnmNy4IfLvMfVEUFE=
    dependencies:
      sourcemap-codec "^1.4.4"
  
  merge2@^1.3.0:
    version "1.4.1"
    resolved "https://registry.npmmirror.com/merge2/download/merge2-1.4.1.tgz#4368892f885e907455a6fd7dc55c0c9d404990ae"
    integrity sha1-Q2iJL4hekHRVpv19xVwMnUBJkK4=
  
  micromatch@^4.0.4:
    version "4.0.4"
    resolved "https://registry.npmmirror.com/micromatch/download/micromatch-4.0.4.tgz#896d519dfe9db25fce94ceb7a500919bf881ebf9"
    integrity sha1-iW1Rnf6dsl/OlM63pQCRm/iB6/k=
    dependencies:
      braces "^3.0.1"
      picomatch "^2.2.3"
  
  minimatch@^3.0.4:
    version "3.0.4"
    resolved "https://registry.npmmirror.com/minimatch/download/minimatch-3.0.4.tgz#5166e286457f03306064be5497e8dbb0c3d32083"
    integrity sha1-UWbihkV/AzBgZL5Ul+jbsMPTIIM=
    dependencies:
      brace-expansion "^1.1.7"
  
  mlly@^0.2.2:
    version "0.2.10"
    resolved "https://registry.npmmirror.com/mlly/download/mlly-0.2.10.tgz#645902c9761dc6b5ded174b8e717147fe52e4893"
    integrity sha1-ZFkCyXYdxrXe0XS45xcUf+UuSJM=
    dependencies:
      import-meta-resolve "^1.1.1"
  
  ms@2.1.2:
    version "2.1.2"
    resolved "https://registry.npmmirror.com/ms/download/ms-2.1.2.tgz#d09d1f357b443f493382a8eb3ccd183872ae6009"
    integrity sha1-0J0fNXtEP0kzgqjrPM0YOHKuYAk=
  
  nanoid@^3.1.30:
    version "3.1.30"
    resolved "https://registry.npmmirror.com/nanoid/download/nanoid-3.1.30.tgz#63f93cc548d2a113dc5dfbc63bfa09e2b9b64362"
    integrity sha1-Y/k8xUjSoRPcXfvGO/oJ4rm2Q2I=
  
  nanopop@^2.1.0:
    version "2.1.0"
    resolved "https://registry.npmmirror.com/nanopop/download/nanopop-2.1.0.tgz#23476513cee2405888afd2e8a4b54066b70b9e60"
    integrity sha1-I0dlE87iQFiIr9LopLVAZrcLnmA=
  
  normalize-path@^3.0.0, normalize-path@~3.0.0:
    version "3.0.0"
    resolved "https://registry.npmmirror.com/normalize-path/download/normalize-path-3.0.0.tgz#0dcd69ff23a1c9b11fd0978316644a0388216a65"
    integrity sha1-Dc1p/yOhybEf0JeDFmRKA4ghamU=
  
  object-assign@^4.1.1:
    version "4.1.1"
    resolved "https://registry.npmmirror.com/object-assign/download/object-assign-4.1.1.tgz#2109adc7965887cfc05cbbd442cac8bfbb360863"
    integrity sha1-IQmtx5ZYh8/AXLvUQsrIv7s2CGM=
  
  path-parse@^1.0.6:
    version "1.0.7"
    resolved "https://registry.npmmirror.com/path-parse/download/path-parse-1.0.7.tgz#fbc114b60ca42b30d9daf5858e4bd68bbedb6735"
    integrity sha1-+8EUtgykKzDZ2vWFjkvWi77bZzU=
  
  picocolors@^1.0.0:
    version "1.0.0"
    resolved "https://registry.npmmirror.com/picocolors/download/picocolors-1.0.0.tgz?cache=0&sync_timestamp=1634093378416&other_urls=https%3A%2F%2Fregistry.npmmirror.com%2Fpicocolors%2Fdownload%2Fpicocolors-1.0.0.tgz#cb5bdc74ff3f51892236eaf79d68bc44564ab81c"
    integrity sha1-y1vcdP8/UYkiNur3nWi8RFZKuBw=
  
  picomatch@^2.0.4, picomatch@^2.2.1, picomatch@^2.2.2, picomatch@^2.2.3:
    version "2.3.0"
    resolved "https://registry.npmmirror.com/picomatch/download/picomatch-2.3.0.tgz#f1f061de8f6a4bf022892e2d128234fb98302972"
    integrity sha1-8fBh3o9qS/AiiS4tEoI0+5gwKXI=
  
  postcss@^8.1.10, postcss@^8.3.11:
    version "8.4.4"
    resolved "https://registry.npmmirror.com/postcss/download/postcss-8.4.4.tgz#d53d4ec6a75fd62557a66bb41978bf47ff0c2869"
    integrity sha512-joU6fBsN6EIer28Lj6GDFoC/5yOZzLCfn0zHAn/MYXI7aPt4m4hK5KC5ovEZXy+lnCjmYIbQWngvju2ddyEr8Q==
    dependencies:
      nanoid "^3.1.30"
      picocolors "^1.0.0"
      source-map-js "^1.0.1"
  
  printj@~1.1.0:
    version "1.1.2"
    resolved "https://registry.npmmirror.com/printj/download/printj-1.1.2.tgz#d90deb2975a8b9f600fb3a1c94e3f4c53c78a222"
    integrity sha1-2Q3rKXWoufYA+zoclOP0xTx4oiI=
  
  printj@~1.2.2:
    version "1.2.3"
    resolved "https://registry.npmmirror.com/printj/download/printj-1.2.3.tgz#2cfb2b192a1e5385dbbe5b46658ac34aa828508a"
    integrity sha1-LPsrGSoeU4XbvltGZYrDSqgoUIo=
  
  printj@~1.3.0:
    version "1.3.0"
    resolved "https://registry.npmmirror.com/printj/download/printj-1.3.0.tgz#9018a918a790e43707f10625d6e10187a367cff6"
    integrity sha1-kBipGKeQ5DcH8QYl1uEBh6Nnz/Y=
  
  promise@^7.0.1:
    version "7.3.1"
    resolved "https://registry.npmmirror.com/promise/download/promise-7.3.1.tgz#064b72602b18f90f29192b8b1bc418ffd1ebd3bf"
    integrity sha1-BktyYCsY+Q8pGSuLG8QY/9Hr078=
    dependencies:
      asap "~2.0.3"
  
  pug-attrs@^3.0.0:
    version "3.0.0"
    resolved "https://registry.npmmirror.com/pug-attrs/download/pug-attrs-3.0.0.tgz#b10451e0348165e31fad1cc23ebddd9dc7347c41"
    integrity sha1-sQRR4DSBZeMfrRzCPr3dncc0fEE=
    dependencies:
      constantinople "^4.0.1"
      js-stringify "^1.0.2"
      pug-runtime "^3.0.0"
  
  pug-code-gen@^3.0.2:
    version "3.0.2"
    resolved "https://registry.npmmirror.com/pug-code-gen/download/pug-code-gen-3.0.2.tgz#ad190f4943133bf186b60b80de483100e132e2ce"
    integrity sha1-rRkPSUMTO/GGtguA3kgxAOEy4s4=
    dependencies:
      constantinople "^4.0.1"
      doctypes "^1.1.0"
      js-stringify "^1.0.2"
      pug-attrs "^3.0.0"
      pug-error "^2.0.0"
      pug-runtime "^3.0.0"
      void-elements "^3.1.0"
      with "^7.0.0"
  
  pug-error@^2.0.0:
    version "2.0.0"
    resolved "https://registry.npmmirror.com/pug-error/download/pug-error-2.0.0.tgz#5c62173cb09c34de2a2ce04f17b8adfec74d8ca5"
    integrity sha1-XGIXPLCcNN4qLOBPF7it/sdNjKU=
  
  pug-filters@^4.0.0:
    version "4.0.0"
    resolved "https://registry.npmmirror.com/pug-filters/download/pug-filters-4.0.0.tgz#d3e49af5ba8472e9b7a66d980e707ce9d2cc9b5e"
    integrity sha1-0+Sa9bqEcum3pm2YDnB86dLMm14=
    dependencies:
      constantinople "^4.0.1"
      jstransformer "1.0.0"
      pug-error "^2.0.0"
      pug-walk "^2.0.0"
      resolve "^1.15.1"
  
  pug-lexer@^5.0.1:
    version "5.0.1"
    resolved "https://registry.npmmirror.com/pug-lexer/download/pug-lexer-5.0.1.tgz#ae44628c5bef9b190b665683b288ca9024b8b0d5"
    integrity sha1-rkRijFvvmxkLZlaDsojKkCS4sNU=
    dependencies:
      character-parser "^2.2.0"
      is-expression "^4.0.0"
      pug-error "^2.0.0"
  
  pug-linker@^4.0.0:
    version "4.0.0"
    resolved "https://registry.npmmirror.com/pug-linker/download/pug-linker-4.0.0.tgz#12cbc0594fc5a3e06b9fc59e6f93c146962a7708"
    integrity sha1-EsvAWU/Fo+Brn8Web5PBRpYqdwg=
    dependencies:
      pug-error "^2.0.0"
      pug-walk "^2.0.0"
  
  pug-load@^3.0.0:
    version "3.0.0"
    resolved "https://registry.npmmirror.com/pug-load/download/pug-load-3.0.0.tgz#9fd9cda52202b08adb11d25681fb9f34bd41b662"
    integrity sha1-n9nNpSICsIrbEdJWgfufNL1BtmI=
    dependencies:
      object-assign "^4.1.1"
      pug-walk "^2.0.0"
  
  pug-parser@^6.0.0:
    version "6.0.0"
    resolved "https://registry.npmmirror.com/pug-parser/download/pug-parser-6.0.0.tgz#a8fdc035863a95b2c1dc5ebf4ecf80b4e76a1260"
    integrity sha1-qP3ANYY6lbLB3F6/Ts+AtOdqEmA=
    dependencies:
      pug-error "^2.0.0"
      token-stream "1.0.0"
  
  pug-runtime@^3.0.0, pug-runtime@^3.0.1:
    version "3.0.1"
    resolved "https://registry.npmmirror.com/pug-runtime/download/pug-runtime-3.0.1.tgz#f636976204723f35a8c5f6fad6acda2a191b83d7"
    integrity sha1-9jaXYgRyPzWoxfb61qzaKhkbg9c=
  
  pug-strip-comments@^2.0.0:
    version "2.0.0"
    resolved "https://registry.npmmirror.com/pug-strip-comments/download/pug-strip-comments-2.0.0.tgz#f94b07fd6b495523330f490a7f554b4ff876303e"
    integrity sha1-+UsH/WtJVSMzD0kKf1VLT/h2MD4=
    dependencies:
      pug-error "^2.0.0"
  
  pug-walk@^2.0.0:
    version "2.0.0"
    resolved "https://registry.npmmirror.com/pug-walk/download/pug-walk-2.0.0.tgz#417aabc29232bb4499b5b5069a2b2d2a24d5f5fe"
    integrity sha1-QXqrwpIyu0SZtbUGmistKiTV9f4=
  
  pug@^3.0.2:
    version "3.0.2"
    resolved "https://registry.npmmirror.com/pug/download/pug-3.0.2.tgz#f35c7107343454e43bc27ae0ff76c731b78ea535"
    integrity sha1-81xxBzQ0VOQ7wnrg/3bHMbeOpTU=
    dependencies:
      pug-code-gen "^3.0.2"
      pug-filters "^4.0.0"
      pug-lexer "^5.0.1"
      pug-linker "^4.0.0"
      pug-load "^3.0.0"
      pug-parser "^6.0.0"
      pug-runtime "^3.0.1"
      pug-strip-comments "^2.0.0"
  
  queue-microtask@^1.2.2:
    version "1.2.3"
    resolved "https://registry.npmmirror.com/queue-microtask/download/queue-microtask-1.2.3.tgz#4929228bbc724dfac43e0efb058caf7b6cfb6243"
    integrity sha1-SSkii7xyTfrEPg77BYyve2z7YkM=
  
  readdirp@~3.6.0:
    version "3.6.0"
    resolved "https://registry.npmmirror.com/readdirp/download/readdirp-3.6.0.tgz#74a370bd857116e245b29cc97340cd431a02a6c7"
    integrity sha1-dKNwvYVxFuJFspzJc0DNQxoCpsc=
    dependencies:
      picomatch "^2.2.1"
  
  regenerator-runtime@^0.13.4:
    version "0.13.9"
    resolved "https://registry.npmmirror.com/regenerator-runtime/download/regenerator-runtime-0.13.9.tgz#8925742a98ffd90814988d7566ad30ca3b263b52"
    integrity sha1-iSV0Kpj/2QgUmI11Zq0wyjsmO1I=
  
  request-light@^0.5.4:
    version "0.5.5"
    resolved "https://registry.npmmirror.com/request-light/download/request-light-0.5.5.tgz#254ab0b38a1db2192170b599b05181934e14932b"
    integrity sha512-AvjfJuhyT6dYfhtIBF+IpTPQco+Td1QJ6PsIJ5xui110vQ5p9HxHk+m1XJqXazLQT6CxxSx9eNv6R/+fu4bZig==
  
  resize-observer-polyfill@^1.5.1:
    version "1.5.1"
    resolved "https://registry.npmmirror.com/resize-observer-polyfill/download/resize-observer-polyfill-1.5.1.tgz#0e9020dd3d21024458d4ebd27e23e40269810464"
    integrity sha1-DpAg3T0hAkRY1OvSfiPkAmmBBGQ=
  
  resolve@^1.15.1, resolve@^1.20.0:
    version "1.20.0"
    resolved "https://registry.npmmirror.com/resolve/download/resolve-1.20.0.tgz#629a013fb3f70755d6f0b7935cc1c2c5378b1975"
    integrity sha1-YpoBP7P3B1XW8LeTXMHCxTeLGXU=
    dependencies:
      is-core-module "^2.2.0"
      path-parse "^1.0.6"
  
  reusify@^1.0.4:
    version "1.0.4"
    resolved "https://registry.npmmirror.com/reusify/download/reusify-1.0.4.tgz?cache=0&sync_timestamp=1632754301224&other_urls=https%3A%2F%2Fregistry.npmmirror.com%2Freusify%2Fdownload%2Freusify-1.0.4.tgz#90da382b1e126efc02146e90845a88db12925d76"
    integrity sha1-kNo4Kx4SbvwCFG6QhFqI2xKSXXY=
  
  rollup@^2.59.0:
    version "2.60.2"
    resolved "https://registry.npmmirror.com/rollup/download/rollup-2.60.2.tgz#3f45ace36a9b10b4297181831ea0719922513463"
    integrity sha512-1Bgjpq61sPjgoZzuiDSGvbI1tD91giZABgjCQBKM5aYLnzjq52GoDuWVwT/cm/MCxCMPU8gqQvkj8doQ5C8Oqw==
    optionalDependencies:
      fsevents "~2.3.2"
  
  run-parallel@^1.1.9:
    version "1.2.0"
    resolved "https://registry.npmmirror.com/run-parallel/download/run-parallel-1.2.0.tgz#66d1368da7bdf921eb9d95bd1a9229e7f21a43ee"
    integrity sha1-ZtE2jae9+SHrnZW9GpIp5/IaQ+4=
    dependencies:
      queue-microtask "^1.2.2"
  
  scroll-into-view-if-needed@^2.2.25:
    version "2.2.28"
    resolved "https://registry.npmmirror.com/scroll-into-view-if-needed/download/scroll-into-view-if-needed-2.2.28.tgz#5a15b2f58a52642c88c8eca584644e01703d645a"
    integrity sha1-WhWy9YpSZCyIyOylhGROAXA9ZFo=
    dependencies:
      compute-scroll-into-view "^1.0.17"
  
  select@^1.1.2:
    version "1.1.2"
    resolved "https://registry.npmmirror.com/select/download/select-1.1.2.tgz#0e7350acdec80b1108528786ec1d4418d11b396d"
    integrity sha1-DnNQrN7ICxEIUoeG7B1EGNEbOW0=
  
  semver@^7.0.0, semver@^7.3.5:
    version "7.3.5"
    resolved "https://registry.npmmirror.com/semver/download/semver-7.3.5.tgz#0b621c879348d8998e4b0e4be94b3f12e6018ef7"
    integrity sha1-C2Ich5NI2JmOSw5L6Us/EuYBjvc=
    dependencies:
      lru-cache "^6.0.0"
  
  shallow-equal@^1.0.0:
    version "1.2.1"
    resolved "https://registry.npmmirror.com/shallow-equal/download/shallow-equal-1.2.1.tgz#4c16abfa56043aa20d050324efa68940b0da79da"
    integrity sha1-TBar+lYEOqINBQMk76aJQLDaedo=
  
  source-map-js@^1.0.1:
    version "1.0.1"
    resolved "https://registry.npmmirror.com/source-map-js/download/source-map-js-1.0.1.tgz#a1741c131e3c77d048252adfa24e23b908670caf"
    integrity sha512-4+TN2b3tqOCd/kaGRJ/sTYA0tR0mdXx26ipdolxcwtJVqEnqNYvlCAt1q3ypy4QMlYus+Zh34RNtYLoq2oQ4IA==
  
  source-map@^0.6.1:
    version "0.6.1"
    resolved "https://registry.npmmirror.com/source-map/download/source-map-0.6.1.tgz?cache=0&sync_timestamp=1632753431597&other_urls=https%3A%2F%2Fregistry.npmmirror.com%2Fsource-map%2Fdownload%2Fsource-map-0.6.1.tgz#74722af32e9614e9c287a8d0bbde48b5e2f1a263"
    integrity sha1-dHIq8y6WFOnCh6jQu95IteLxomM=
  
  sourcemap-codec@^1.4.4:
    version "1.4.8"
    resolved "https://registry.npmmirror.com/sourcemap-codec/download/sourcemap-codec-1.4.8.tgz#ea804bd94857402e6992d05a38ef1ae35a9ab4c4"
    integrity sha1-6oBL2UhXQC5pktBaOO8a41qatMQ=
  
  ssf@~0.11.2:
    version "0.11.2"
    resolved "https://registry.npmmirror.com/ssf/download/ssf-0.11.2.tgz#0b99698b237548d088fc43cdf2b70c1a7512c06c"
    integrity sha1-C5lpiyN1SNCI/EPN8rcMGnUSwGw=
    dependencies:
      frac "~1.1.2"
  
  tiny-emitter@^2.0.0:
    version "2.1.0"
    resolved "https://registry.npmmirror.com/tiny-emitter/download/tiny-emitter-2.1.0.tgz#1d1a56edfc51c43e863cbb5382a72330e3555423"
    integrity sha1-HRpW7fxRxD6GPLtTgqcjMONVVCM=
  
  to-fast-properties@^2.0.0:
    version "2.0.0"
    resolved "https://registry.npmmirror.com/to-fast-properties/download/to-fast-properties-2.0.0.tgz#dc5e698cbd079265bc73e0377681a4e4e83f616e"
    integrity sha1-3F5pjL0HkmW8c+A3doGk5Og/YW4=
  
  to-regex-range@^5.0.1:
    version "5.0.1"
    resolved "https://registry.npmmirror.com/to-regex-range/download/to-regex-range-5.0.1.tgz#1648c44aae7c8d988a326018ed72f5b4dd0392e4"
    integrity sha1-FkjESq58jZiKMmAY7XL1tN0DkuQ=
    dependencies:
      is-number "^7.0.0"
  
  token-stream@1.0.0:
    version "1.0.0"
    resolved "https://registry.npmmirror.com/token-stream/download/token-stream-1.0.0.tgz#cc200eab2613f4166d27ff9afc7ca56d49df6eb4"
    integrity sha1-zCAOqyYT9BZtJ/+a/HylbUnfbrQ=
  
  typescript@^4.4.4:
    version "4.5.2"
    resolved "https://registry.npmmirror.com/typescript/download/typescript-4.5.2.tgz#8ac1fba9f52256fdb06fb89e4122fa6a346c2998"
    integrity sha512-5BlMof9H1yGt0P8/WF+wPNw6GfctgGjXp5hkblpyT+8rkASSmkUKMXrxR0Xg8ThVCi/JnHQiKXeBaEwCeQwMFw==
  
  unplugin-vue-components@^0.17.6:
    version "0.17.6"
    resolved "https://registry.npmmirror.com/unplugin-vue-components/download/unplugin-vue-components-0.17.6.tgz#895445a0e4d21e8298f36847009bae4f88429eaf"
    integrity sha512-Z2XvwKeY7/++MucRKzJihDsbdL8rFb71VfmuhtMtLE8zurjFu57XKFx0RNFUD5zD4g0HEyR9GGTwXu2YI0rang==
    dependencies:
      "@antfu/utils" "^0.3.0"
      "@rollup/pluginutils" "^4.1.1"
      chokidar "^3.5.2"
      debug "^4.3.2"
      fast-glob "^3.2.7"
      local-pkg "^0.4.0"
      magic-string "^0.25.7"
      minimatch "^3.0.4"
      resolve "^1.20.0"
      unplugin "^0.2.21"
  
  unplugin@^0.2.21:
    version "0.2.21"
    resolved "https://registry.npmmirror.com/unplugin/download/unplugin-0.2.21.tgz#7852cddd9f78f0b32881812fd2efd5a39dcc64e5"
    integrity sha512-IJ15/L5XbhnV7J09Zjk0FT5HEkBjkXucWAXQWRsmEtUxmmxwh23yavrmDbCF6ZPxWiVB28+wnKIHePTRRpQPbQ==
    dependencies:
      webpack-virtual-modules "^0.4.3"
  
  upath@^2.0.1:
    version "2.0.1"
    resolved "https://registry.npmmirror.com/upath/download/upath-2.0.1.tgz#50c73dea68d6f6b990f51d279ce6081665d61a8b"
    integrity sha1-UMc96mjW9rmQ9R0nnOYIFmXWGos=
  
  vite@^2.7.0:
    version "2.7.1"
    resolved "https://registry.npmmirror.com/vite/download/vite-2.7.1.tgz#be50ad13214290ecbebbe5ad389ed423cb5f137e"
    integrity sha512-TDXXhcu5lyQ6uosK4ZWaOyB4VzOiizk0biitRzDzaEtgSUi8rVYPc4k1xgOjLSf0OuceDJmojFKXHOX9DB1WuQ==
    dependencies:
      esbuild "^0.13.12"
      postcss "^8.3.11"
      resolve "^1.20.0"
      rollup "^2.59.0"
    optionalDependencies:
      fsevents "~2.3.2"
  
  void-elements@^3.1.0:
    version "3.1.0"
    resolved "https://registry.npmmirror.com/void-elements/download/void-elements-3.1.0.tgz#614f7fbf8d801f0bb5f0661f5b2f5785750e4f09"
    integrity sha1-YU9/v42AHwu18GYfWy9XhXUOTwk=
  
  vscode-css-languageservice@^5.1.7:
    version "5.1.9"
    resolved "https://registry.npmmirror.com/vscode-css-languageservice/download/vscode-css-languageservice-5.1.9.tgz#9d473e5c61fa6d4d62719d9b8715ff6c644bf14e"
    integrity sha512-/tFOWeZBL3Oc9Zc+2MAi3rEwiXJTSZsvjB+M7nSjWLbGPUIjukUA7YzLgsBoUfR35sPJYnXWUkL56PdfIYM8GA==
    dependencies:
      vscode-languageserver-textdocument "^1.0.1"
      vscode-languageserver-types "^3.16.0"
      vscode-nls "^5.0.0"
      vscode-uri "^3.0.2"
  
  vscode-html-languageservice@^4.1.0:
    version "4.2.0"
    resolved "https://registry.npmmirror.com/vscode-html-languageservice/download/vscode-html-languageservice-4.2.0.tgz#87ea1c659b40ae0b6f6627df75e5d25650977d30"
    integrity sha512-5ebk/5kMa7PrCPL3JuP27vo8h+coDgSkMP14pSlKz3ISXZxHm+nnCenhVrpy9Ayamtwb28YXeQuN8AqNQH8kVQ==
    dependencies:
      vscode-languageserver-textdocument "^1.0.1"
      vscode-languageserver-types "^3.16.0"
      vscode-nls "^5.0.0"
      vscode-uri "^3.0.2"
  
  vscode-json-languageservice@^4.1.8:
    version "4.1.10"
    resolved "https://registry.npmmirror.com/vscode-json-languageservice/download/vscode-json-languageservice-4.1.10.tgz#5d5729fc4f3e02f41599e0104523a1877c25f0fb"
    integrity sha512-IHliMEEYSY0tJjJt0ECb8ESx/nRXpoy9kN42WVQXgaqGyizFAf3jibSiezDQTrrY7f3kywXggCU+kkJEM+OLZQ==
    dependencies:
      jsonc-parser "^3.0.0"
      vscode-languageserver-textdocument "^1.0.1"
      vscode-languageserver-types "^3.16.0"
      vscode-nls "^5.0.0"
      vscode-uri "^3.0.2"
  
  vscode-jsonrpc@8.0.0-next.4, vscode-jsonrpc@^8.0.0-next.2:
    version "8.0.0-next.4"
    resolved "https://registry.npmmirror.com/vscode-jsonrpc/download/vscode-jsonrpc-8.0.0-next.4.tgz#c0da5e3536c0862e8189b1678a3a7c4900e6ecbd"
    integrity sha512-i+wvza5Wd0YV/t9qhnS8I+dJdhJ1fHIhRW4f262rXXM9Mgts5VZhYrRZufGcai4y99RlbZvwaZhplQ6diRXkaA==
  
  vscode-languageserver-protocol@3.17.0-next.11:
    version "3.17.0-next.11"
    resolved "https://registry.npmmirror.com/vscode-languageserver-protocol/download/vscode-languageserver-protocol-3.17.0-next.11.tgz#0f2b2bc0d28026422340e4571373e018598e2e16"
    integrity sha512-9FqHT7XvM6tWFsnLvRfuQA7Zh7wZZYAwA9dK85lYthA8M1aXpXEP9drXVvO/Fe03MUeJpKVf2e4/NvDaFUnttg==
    dependencies:
      vscode-jsonrpc "8.0.0-next.4"
      vscode-languageserver-types "3.17.0-next.5"
  
  vscode-languageserver-textdocument@^1.0.1:
    version "1.0.3"
    resolved "https://registry.npmmirror.com/vscode-languageserver-textdocument/download/vscode-languageserver-textdocument-1.0.3.tgz#879f2649bfa5a6e07bc8b392c23ede2dfbf43eff"
    integrity sha512-ynEGytvgTb6HVSUwPJIAZgiHQmPCx8bZ8w5um5Lz+q5DjP0Zj8wTFhQpyg8xaMvefDytw2+HH5yzqS+FhsR28A==
  
  vscode-languageserver-types@3.17.0-next.5:
    version "3.17.0-next.5"
    resolved "https://registry.npmmirror.com/vscode-languageserver-types/download/vscode-languageserver-types-3.17.0-next.5.tgz#0d176d39d215d55bffc9195112fb2b6d81ff5fbb"
    integrity sha512-Zcfaw8BznhlJWB09LDR0dscXyxn9+liREqJnPF4pigeUCHwKxYapYqizwuCpMHQ/oLYiAvKwU+f28hPleYu7pA==
  
  vscode-languageserver-types@^3.15.1, vscode-languageserver-types@^3.16.0:
    version "3.16.0"
    resolved "https://registry.npmmirror.com/vscode-languageserver-types/download/vscode-languageserver-types-3.16.0.tgz#ecf393fc121ec6974b2da3efb3155644c514e247"
    integrity sha1-7POT/BIexpdLLaPvsxVWRMUU4kc=
  
  vscode-languageserver@^8.0.0-next.2:
    version "8.0.0-next.5"
    resolved "https://registry.npmmirror.com/vscode-languageserver/download/vscode-languageserver-8.0.0-next.5.tgz#99f7f25dd658a1f000219f62c29ae557858f850c"
    integrity sha512-3E2W0eWtGKb6QAJqspOnD0thrBRRo8IGUMV5jpDNMcMKvmtkcxMwsBh0VxdvuWaZ51PiNyR4L+B+GUvkYsyFEg==
    dependencies:
      vscode-languageserver-protocol "3.17.0-next.11"
  
  vscode-nls@^5.0.0:
    version "5.0.0"
    resolved "https://registry.npmmirror.com/vscode-nls/download/vscode-nls-5.0.0.tgz#99f0da0bd9ea7cda44e565a74c54b1f2bc257840"
    integrity sha1-mfDaC9nqfNpE5WWnTFSx8rwleEA=
  
  vscode-pug-languageservice@0.28.10:
    version "0.28.10"
    resolved "https://registry.npmmirror.com/vscode-pug-languageservice/download/vscode-pug-languageservice-0.28.10.tgz#805ce197a882b42a83fe602008d979fea13e63f2"
    integrity sha1-gFzhl6iCtCqD/mAgCNl5/qE+Y/I=
    dependencies:
      "@volar/code-gen" "0.28.10"
      "@volar/shared" "0.28.10"
      "@volar/source-map" "0.28.10"
      "@volar/transforms" "0.28.10"
      pug-lexer "^5.0.1"
      pug-parser "^6.0.0"
      vscode-languageserver "^8.0.0-next.2"
  
  vscode-typescript-languageservice@0.28.10:
    version "0.28.10"
    resolved "https://registry.npmmirror.com/vscode-typescript-languageservice/download/vscode-typescript-languageservice-0.28.10.tgz#887387857e802dc8aab92a8efec21533fce19bd3"
    integrity sha1-iHOHhX6ALciquSqO/sIVM/zhm9M=
    dependencies:
      "@volar/shared" "0.28.10"
      semver "^7.3.5"
      upath "^2.0.1"
      vscode-languageserver "^8.0.0-next.2"
      vscode-languageserver-textdocument "^1.0.1"
  
  vscode-uri@^2.1.2:
    version "2.1.2"
    resolved "https://registry.npmmirror.com/vscode-uri/download/vscode-uri-2.1.2.tgz#c8d40de93eb57af31f3c715dd650e2ca2c096f1c"
    integrity sha1-yNQN6T61evMfPHFd1lDiyiwJbxw=
  
  vscode-uri@^3.0.2:
    version "3.0.2"
    resolved "https://registry.npmmirror.com/vscode-uri/download/vscode-uri-3.0.2.tgz#ecfd1d066cb8ef4c3a208decdbab9a8c23d055d0"
    integrity sha1-7P0dBmy470w6II3s26uajCPQVdA=
  
  vscode-vue-languageservice@0.28.10:
    version "0.28.10"
    resolved "https://registry.npmmirror.com/vscode-vue-languageservice/download/vscode-vue-languageservice-0.28.10.tgz#3f5ea3b2319c542f23127c3017f945cae67673ee"
    integrity sha1-P16jsjGcVC8jEnwwF/lFyuZ2c+4=
    dependencies:
      "@volar/code-gen" "0.28.10"
      "@volar/html2pug" "0.28.10"
      "@volar/shared" "0.28.10"
      "@volar/source-map" "0.28.10"
      "@volar/transforms" "0.28.10"
      "@vscode/emmet-helper" "^2.8.0"
      "@vue/compiler-dom" "^3.2.20"
      "@vue/reactivity" "^3.2.20"
      "@vue/shared" "^3.2.20"
      request-light "^0.5.4"
      upath "^2.0.1"
      vscode-css-languageservice "^5.1.7"
      vscode-html-languageservice "^4.1.0"
      vscode-json-languageservice "^4.1.8"
      vscode-languageserver "^8.0.0-next.2"
      vscode-languageserver-textdocument "^1.0.1"
      vscode-pug-languageservice "0.28.10"
      vscode-typescript-languageservice "0.28.10"
  
  vue-tsc@^0.28.10:
    version "0.28.10"
    resolved "https://registry.npmmirror.com/vue-tsc/download/vue-tsc-0.28.10.tgz#2fc0154537bef5004e86002b117758af4b2b066c"
    integrity sha1-L8AVRTe+9QBOhgArEXdYr0srBmw=
    dependencies:
      "@volar/shared" "0.28.10"
      vscode-vue-languageservice "0.28.10"
  
  vue-types@^3.0.0:
    version "3.0.2"
    resolved "https://registry.npmmirror.com/vue-types/download/vue-types-3.0.2.tgz?cache=0&sync_timestamp=1634179982853&other_urls=https%3A%2F%2Fregistry.npmmirror.com%2Fvue-types%2Fdownload%2Fvue-types-3.0.2.tgz#ec16e05d412c038262fc1efa4ceb9647e7fb601d"
    integrity sha1-7BbgXUEsA4Ji/B76TOuWR+f7YB0=
    dependencies:
      is-plain-object "3.0.1"
  
  vue3-highlightjs@^1.0.5:
    version "1.0.5"
    resolved "https://registry.npmmirror.com/vue3-highlightjs/download/vue3-highlightjs-1.0.5.tgz#10b8e2f2f64873dad0abfad6a8a19106d54f3dc9"
    integrity sha1-ELji8vZIc9rQq/rWqKGRBtVPPck=
    dependencies:
      highlight.js "^10.3.2"
  
  vue@^3.2.23:
    version "3.2.24"
    resolved "https://registry.npmmirror.com/vue/download/vue-3.2.24.tgz#6de7b01e55740dc37c0a5dbd45e70eed49f95189"
    integrity sha512-PvCklXNfcUMyeP/a9nME27C32IipwUDoS45rDyKn5+RQrWyjL+0JAJtf98HL6y9bfqQRTlYjSowWEB1nXxvG5Q==
    dependencies:
      "@vue/compiler-dom" "3.2.24"
      "@vue/compiler-sfc" "3.2.24"
      "@vue/runtime-dom" "3.2.24"
      "@vue/server-renderer" "3.2.24"
      "@vue/shared" "3.2.24"
  
  warning@^4.0.0:
    version "4.0.3"
    resolved "https://registry.npmmirror.com/warning/download/warning-4.0.3.tgz#16e9e077eb8a86d6af7d64aa1e05fd85b4678ca3"
    integrity sha1-Fungd+uKhtavfWSqHgX9hbRnjKM=
    dependencies:
      loose-envify "^1.0.0"
  
  webpack-virtual-modules@^0.4.3:
    version "0.4.3"
    resolved "https://registry.npmmirror.com/webpack-virtual-modules/download/webpack-virtual-modules-0.4.3.tgz#cd597c6d51d5a5ecb473eea1983a58fa8a17ded9"
    integrity sha1-zVl8bVHVpey0c+6hmDpY+ooX3tk=
  
  with@^7.0.0:
    version "7.0.2"
    resolved "https://registry.npmmirror.com/with/download/with-7.0.2.tgz#ccee3ad542d25538a7a7a80aad212b9828495bac"
    integrity sha1-zO461ULSVTinp6gKrSErmChJW6w=
    dependencies:
      "@babel/parser" "^7.9.6"
      "@babel/types" "^7.9.6"
      assert-never "^1.2.1"
      babel-walk "3.0.0-canary-5"
  
  wmf@~1.0.1:
    version "1.0.2"
    resolved "https://registry.npmmirror.com/wmf/download/wmf-1.0.2.tgz#7d19d621071a08c2bdc6b7e688a9c435298cc2da"
    integrity sha1-fRnWIQcaCMK9xrfmiKnENSmMwto=
  
  word@~0.3.0:
    version "0.3.0"
    resolved "https://registry.npmmirror.com/word/download/word-0.3.0.tgz#8542157e4f8e849f4a363a288992d47612db9961"
    integrity sha1-hUIVfk+OhJ9KNjooiZLUdhLbmWE=
  
  xlsx@^0.17.4:
    version "0.17.4"
    resolved "https://registry.npmmirror.com/xlsx/download/xlsx-0.17.4.tgz?cache=0&sync_timestamp=1636867724098&other_urls=https%3A%2F%2Fregistry.npmmirror.com%2Fxlsx%2Fdownload%2Fxlsx-0.17.4.tgz#dc3e3a0954c835f4d0fdd643645db6f4ac3f28f2"
    integrity sha512-9aKt8g9ZLP0CUdBX8L5xnoMDFwSiLI997eQnDThCaqQMYB9AEBIRzblSSNN/ICMGLYIHUO3VKaItcedZJ3ijIg==
    dependencies:
      adler-32 "~1.2.0"
      cfb "^1.1.4"
      codepage "~1.15.0"
      crc-32 "~1.2.0"
      ssf "~0.11.2"
      wmf "~1.0.1"
      word "~0.3.0"
  
  yallist@^4.0.0:
    version "4.0.0"
    resolved "https://registry.npmmirror.com/yallist/download/yallist-4.0.0.tgz#9bb92790d9c0effec63be73519e11a35019a3a72"
    integrity sha1-m7knkNnA7/7GO+c1GeEaNQGaOnI=
